<?xml version="1.0" encoding="UTF-8"?>
<!-- Generated by org.testng.reporters.JUnitReportReporter -->
<testsuite skipped="0" hostname="CHEN-SIMBU" name="rcmHSMTemplatePayloads.HSM_Template" tests="1" failures="0" timestamp="29 May 2019 06:59:19 GMT" time="2.985" errors="0">
  <testcase name="send_hsm_template" time="2.985" classname="rcmHSMTemplatePayloads.HSM_Template"/>
</testsuite> <!-- rcmHSMTemplatePayloads.HSM_Template -->
