<?xml version="1.0" encoding="UTF-8"?>
<!-- Generated by org.testng.reporters.JUnitReportReporter -->
<testsuite skipped="0" hostname="CHEN-SIMBU" name="rcmDoccumnetPayloads.Document_Xls" tests="1" failures="0" timestamp="29 May 2019 09:58:40 GMT" time="0.097" errors="0">
  <testcase name="send_document_xls" time="0.097" classname="rcmDoccumnetPayloads.Document_Xls"/>
</testsuite> <!-- rcmDoccumnetPayloads.Document_Xls -->
