<?xml version="1.0" encoding="UTF-8"?>
<!-- Generated by org.testng.reporters.JUnitReportReporter -->
<testsuite skipped="0" hostname="CHEN-SIMBU" name="rcmPayloads.AudioACC" tests="1" failures="0" timestamp="27 May 2019 12:18:29 GMT" time="0.012" errors="0">
  <testcase name="f" time="0.012" classname="rcmPayloads.AudioACC"/>
</testsuite> <!-- rcmPayloads.AudioACC -->
