<?xml version="1.0" encoding="UTF-8"?>
<!-- Generated by org.testng.reporters.JUnitReportReporter -->
<testsuite skipped="0" hostname="CHEN-SIMBU" name="rcmAudioPayloads.Audio_aac" tests="1" failures="0" timestamp="29 May 2019 06:59:19 GMT" time="0.410" errors="0">
  <testcase name="send_audio_aac" time="0.410" classname="rcmAudioPayloads.Audio_aac"/>
</testsuite> <!-- rcmAudioPayloads.Audio_aac -->
