<?xml version="1.0" encoding="UTF-8"?>
<!-- Generated by org.testng.reporters.JUnitReportReporter -->
<testsuite skipped="0" hostname="CHEN-SIMBU" name="rcmDB.RCM_error_code_master" tests="1" failures="0" timestamp="29 May 2019 06:16:46 GMT" time="0.471" errors="0">
  <testcase name="read_rcm_error_code_master_table" time="0.471" classname="rcmDB.RCM_error_code_master"/>
</testsuite> <!-- rcmDB.RCM_error_code_master -->
