<?xml version="1.0" encoding="UTF-8"?>
<!-- Generated by org.testng.reporters.JUnitReportReporter -->
<testsuite skipped="0" hostname="CHEN-SIMBU" name="rcmDB.RCM_attachment_types" tests="1" failures="0" timestamp="29 May 2019 06:58:37 GMT" time="0.522" errors="0">
  <testcase name="read_rcm_attachment_types_table" time="0.522" classname="rcmDB.RCM_attachment_types"/>
</testsuite> <!-- rcmDB.RCM_attachment_types -->
