<?xml version="1.0" encoding="UTF-8"?>
<!-- Generated by org.testng.reporters.JUnitReportReporter -->
<testsuite skipped="0" hostname="CHEN-SIMBU" name="rcmDB.RCM_channel_error_code_mapping" tests="1" failures="0" timestamp="28 May 2019 10:39:02 GMT" time="0.444" errors="0">
  <testcase name="read_rcm_channel_error_code_mapping_table" time="0.444" classname="rcmDB.RCM_channel_error_code_mapping"/>
</testsuite> <!-- rcmDB.RCM_channel_error_code_mapping -->
