<?xml version="1.0" encoding="UTF-8"?>
<!-- Generated by org.testng.reporters.JUnitReportReporter -->
<testsuite skipped="0" hostname="CHEN-SIMBU" name="rcmLocationPayloads.Location_Message" tests="1" failures="0" timestamp="29 May 2019 09:58:40 GMT" time="0.071" errors="0">
  <testcase name="send_location" time="0.071" classname="rcmLocationPayloads.Location_Message"/>
</testsuite> <!-- rcmLocationPayloads.Location_Message -->
