<?xml version="1.0" encoding="UTF-8"?>
<!-- Generated by org.testng.reporters.JUnitReportReporter -->
<testsuite skipped="0" hostname="CHEN-SIMBU" name="rcmImagePayloads.Png_Message" tests="1" failures="0" timestamp="28 May 2019 09:21:31 GMT" time="0.059" errors="0">
  <testcase name="send_image_png" time="0.059" classname="rcmImagePayloads.Png_Message"/>
</testsuite> <!-- rcmImagePayloads.Png_Message -->
