<?xml version="1.0" encoding="UTF-8"?>
<!-- Generated by org.testng.reporters.JUnitReportReporter -->
<testsuite skipped="0" hostname="CHEN-SIMBU" name="rcmDoccumnetPayloads.Document_docs" tests="1" failures="0" timestamp="29 May 2019 06:59:19 GMT" time="0.059" errors="0">
  <testcase name="send_document_docs" time="0.059" classname="rcmDoccumnetPayloads.Document_docs"/>
</testsuite> <!-- rcmDoccumnetPayloads.Document_docs -->
