<?xml version="1.0" encoding="UTF-8"?>
<!-- Generated by org.testng.reporters.JUnitReportReporter -->
<testsuite skipped="0" hostname="CHEN-SIMBU" name="rcmAudioPayloads.Audio_cc" tests="1" failures="0" timestamp="27 May 2019 12:25:21 GMT" time="0.015" errors="0">
  <testcase name="f" time="0.015" classname="rcmAudioPayloads.Audio_cc"/>
</testsuite> <!-- rcmAudioPayloads.Audio_cc -->
