<?xml version="1.0" encoding="UTF-8"?>
<!-- Generated by org.testng.reporters.JUnitReportReporter -->
<testsuite skipped="0" hostname="CHEN-SIMBU" name="rcmTextPayloads.Text_message" tests="1" failures="0" timestamp="29 May 2019 06:59:19 GMT" time="0.069" errors="0">
  <testcase name="send_text" time="0.069" classname="rcmTextPayloads.Text_message"/>
</testsuite> <!-- rcmTextPayloads.Text_message -->
