<?xml version="1.0" encoding="UTF-8"?>
<!-- Generated by org.testng.reporters.JUnitReportReporter -->
<testsuite skipped="0" hostname="CHEN-SIMBU" name="rcmDoccumnetPayloads.Document_Pdf" tests="1" failures="0" timestamp="29 May 2019 06:59:19 GMT" time="0.082" errors="0">
  <testcase name="send_document_pdf" time="0.082" classname="rcmDoccumnetPayloads.Document_Pdf"/>
</testsuite> <!-- rcmDoccumnetPayloads.Document_Pdf -->
