<?xml version="1.0" encoding="UTF-8"?>
<!-- Generated by org.testng.reporters.JUnitReportReporter -->
<testsuite skipped="0" hostname="CHEN-SIMBU" name="rcmImagePayloads.Image_jpeg" tests="1" failures="0" timestamp="29 May 2019 09:58:40 GMT" time="0.071" errors="0">
  <testcase name="send_image_jpeg" time="0.071" classname="rcmImagePayloads.Image_jpeg"/>
</testsuite> <!-- rcmImagePayloads.Image_jpeg -->
