<?xml version="1.0" encoding="UTF-8"?>
<!-- Generated by org.testng.reporters.JUnitReportReporter -->
<testsuite skipped="0" hostname="CHEN-SIMBU" name="rcmAudioPayloads.Audio_m4a" tests="1" failures="0" timestamp="29 May 2019 06:59:19 GMT" time="0.331" errors="0">
  <testcase name="send_audio_m4a" time="0.331" classname="rcmAudioPayloads.Audio_m4a"/>
</testsuite> <!-- rcmAudioPayloads.Audio_m4a -->
